{"unknown": {"path":"unknown","statementMap":{"0":{"start":{"line":145,"column":4},"end":{"line":149,"column":5}},"1":{"start":{"line":155,"column":16},"end":{"line":155,"column":18}},"2":{"start":{"line":156,"column":23},"end":{"line":156,"column":55}},"3":{"start":{"line":159,"column":23},"end":{"line":159,"column":43}},"4":{"start":{"line":161,"column":22},"end":{"line":161,"column":24}},"5":{"start":{"line":162,"column":20},"end":{"line":162,"column":36}},"6":{"start":{"line":163,"column":19},"end":{"line":163,"column":30}},"7":{"start":{"line":164,"column":9},"end":{"line":169,"column":8}},"8":{"start":{"line":165,"column":20},"end":{"line":165,"column":27}},"9":{"start":{"line":166,"column":10},"end":{"line":168,"column":11}},"10":{"start":{"line":167,"column":13},"end":{"line":167,"column":36}},"11":{"start":{"line":170,"column":6},"end":{"line":170,"column":20}},"12":{"start":{"line":173,"column":6},"end":{"line":176,"column":8}},"13":{"start":{"line":174,"column":20},"end":{"line":174,"column":24}},"14":{"start":{"line":175,"column":10},"end":{"line":175,"column":43}},"15":{"start":{"line":181,"column":22},"end":{"line":181,"column":24}},"16":{"start":{"line":182,"column":20},"end":{"line":182,"column":36}},"17":{"start":{"line":183,"column":19},"end":{"line":183,"column":30}},"18":{"start":{"line":184,"column":10},"end":{"line":187,"column":11}},"19":{"start":{"line":185,"column":21},"end":{"line":185,"column":28}},"20":{"start":{"line":186,"column":11},"end":{"line":186,"column":50}},"21":{"start":{"line":188,"column":9},"end":{"line":188,"column":23}},"22":{"start":{"line":191,"column":18},"end":{"line":191,"column":20}},"23":{"start":{"line":192,"column":7},"end":{"line":197,"column":10}},"24":{"start":{"line":193,"column":22},"end":{"line":193,"column":26}},"25":{"start":{"line":194,"column":14},"end":{"line":196,"column":17}},"26":{"start":{"line":195,"column":15},"end":{"line":195,"column":57}},"27":{"start":{"line":200,"column":7},"end":{"line":200,"column":18}},"28":{"start":{"line":204,"column":17},"end":{"line":204,"column":22}},"29":{"start":{"line":206,"column":6},"end":{"line":208,"column":7}},"30":{"start":{"line":207,"column":9},"end":{"line":207,"column":20}},"31":{"start":{"line":209,"column":6},"end":{"line":209,"column":17}},"32":{"start":{"line":213,"column":28},"end":{"line":213,"column":30}},"33":{"start":{"line":214,"column":6},"end":{"line":231,"column":8}},"34":{"start":{"line":215,"column":27},"end":{"line":215,"column":45}},"35":{"start":{"line":219,"column":24},"end":{"line":219,"column":26}},"36":{"start":{"line":220,"column":14},"end":{"line":227,"column":15}},"37":{"start":{"line":221,"column":16},"end":{"line":226,"column":17}},"38":{"start":{"line":222,"column":18},"end":{"line":225,"column":20}},"39":{"start":{"line":228,"column":14},"end":{"line":228,"column":24}},"40":{"start":{"line":230,"column":12},"end":{"line":230,"column":56}},"41":{"start":{"line":232,"column":6},"end":{"line":232,"column":28}},"42":{"start":{"line":235,"column":23},"end":{"line":235,"column":55}},"43":{"start":{"line":236,"column":23},"end":{"line":236,"column":104}},"44":{"start":{"line":239,"column":6},"end":{"line":240,"column":87}},"45":{"start":{"line":240,"column":8},"end":{"line":240,"column":87}},"46":{"start":{"line":240,"column":75},"end":{"line":240,"column":87}},"47":{"start":{"line":243,"column":6},"end":{"line":244,"column":138}},"48":{"start":{"line":244,"column":8},"end":{"line":244,"column":138}},"49":{"start":{"line":244,"column":126},"end":{"line":244,"column":138}},"50":{"start":{"line":249,"column":6},"end":{"line":251,"column":76}},"51":{"start":{"line":257,"column":25},"end":{"line":257,"column":45}},"52":{"start":{"line":259,"column":9},"end":{"line":259,"column":55}},"53":{"start":{"line":262,"column":6},"end":{"line":262,"column":35}},"54":{"start":{"line":263,"column":6},"end":{"line":263,"column":42}},"55":{"start":{"line":268,"column":6},"end":{"line":268,"column":38}},"56":{"start":{"line":268,"column":31},"end":{"line":268,"column":38}},"57":{"start":{"line":269,"column":24},"end":{"line":269,"column":25}},"58":{"start":{"line":270,"column":6},"end":{"line":270,"column":52}},"59":{"start":{"line":274,"column":6},"end":{"line":274,"column":38}},"60":{"start":{"line":274,"column":31},"end":{"line":274,"column":38}},"61":{"start":{"line":275,"column":24},"end":{"line":275,"column":74}},"62":{"start":{"line":276,"column":6},"end":{"line":276,"column":52}},"63":{"start":{"line":280,"column":6},"end":{"line":280,"column":38}},"64":{"start":{"line":280,"column":31},"end":{"line":280,"column":38}},"65":{"start":{"line":281,"column":24},"end":{"line":281,"column":42}},"66":{"start":{"line":282,"column":6},"end":{"line":282,"column":54}},"67":{"start":{"line":286,"column":6},"end":{"line":286,"column":38}},"68":{"start":{"line":286,"column":31},"end":{"line":286,"column":38}},"69":{"start":{"line":287,"column":24},"end":{"line":287,"column":42}},"70":{"start":{"line":288,"column":6},"end":{"line":288,"column":54}},"71":{"start":{"line":292,"column":24},"end":{"line":292,"column":38}},"72":{"start":{"line":293,"column":6},"end":{"line":297,"column":7}},"73":{"start":{"line":295,"column":8},"end":{"line":295,"column":31}},"74":{"start":{"line":296,"column":8},"end":{"line":296,"column":14}},"75":{"start":{"line":298,"column":6},"end":{"line":298,"column":52}}},"fnMap":{"0":{"name":"filter","decl":{"start":{"line":160,"column":15},"end":{"line":160,"column":21}},"loc":{"start":{"line":160,"column":39},"end":{"line":171,"column":6}},"line":160},"1":{"name":"(anonymous_1)","decl":{"start":{"line":173,"column":31},"end":{"line":173,"column":32}},"loc":{"start":{"line":173,"column":47},"end":{"line":176,"column":7}},"line":173},"2":{"name":"map","decl":{"start":{"line":180,"column":15},"end":{"line":180,"column":18}},"loc":{"start":{"line":180,"column":35},"end":{"line":189,"column":8}},"line":180},"3":{"name":"(anonymous_3)","decl":{"start":{"line":192,"column":18},"end":{"line":192,"column":19}},"loc":{"start":{"line":192,"column":34},"end":{"line":197,"column":9}},"line":192},"4":{"name":"(anonymous_4)","decl":{"start":{"line":194,"column":33},"end":{"line":194,"column":34}},"loc":{"start":{"line":194,"column":53},"end":{"line":196,"column":14}},"line":194},"5":{"name":"(anonymous_5)","decl":{"start":{"line":214,"column":31},"end":{"line":214,"column":32}},"loc":{"start":{"line":214,"column":47},"end":{"line":231,"column":7}},"line":214},"6":{"name":"getButtons","decl":{"start":{"line":218,"column":21},"end":{"line":218,"column":31}},"loc":{"start":{"line":218,"column":36},"end":{"line":229,"column":13}},"line":218}},"branchMap":{"0":{"loc":{"start":{"line":166,"column":10},"end":{"line":168,"column":11}},"type":"if","locations":[{"start":{"line":166,"column":10},"end":{"line":168,"column":11}},{"start":{"line":166,"column":10},"end":{"line":168,"column":11}}],"line":166},"1":{"loc":{"start":{"line":206,"column":6},"end":{"line":208,"column":7}},"type":"if","locations":[{"start":{"line":206,"column":6},"end":{"line":208,"column":7}},{"start":{"line":206,"column":6},"end":{"line":208,"column":7}}],"line":206},"2":{"loc":{"start":{"line":221,"column":16},"end":{"line":226,"column":17}},"type":"if","locations":[{"start":{"line":221,"column":16},"end":{"line":226,"column":17}},{"start":{"line":221,"column":16},"end":{"line":226,"column":17}}],"line":221},"3":{"loc":{"start":{"line":239,"column":6},"end":{"line":240,"column":87}},"type":"if","locations":[{"start":{"line":239,"column":6},"end":{"line":240,"column":87}},{"start":{"line":239,"column":6},"end":{"line":240,"column":87}}],"line":239},"4":{"loc":{"start":{"line":240,"column":8},"end":{"line":240,"column":87}},"type":"if","locations":[{"start":{"line":240,"column":8},"end":{"line":240,"column":87}},{"start":{"line":240,"column":8},"end":{"line":240,"column":87}}],"line":240},"5":{"loc":{"start":{"line":243,"column":6},"end":{"line":244,"column":138}},"type":"if","locations":[{"start":{"line":243,"column":6},"end":{"line":244,"column":138}},{"start":{"line":243,"column":6},"end":{"line":244,"column":138}}],"line":243},"6":{"loc":{"start":{"line":244,"column":8},"end":{"line":244,"column":138}},"type":"if","locations":[{"start":{"line":244,"column":8},"end":{"line":244,"column":138}},{"start":{"line":244,"column":8},"end":{"line":244,"column":138}}],"line":244},"7":{"loc":{"start":{"line":268,"column":6},"end":{"line":268,"column":38}},"type":"if","locations":[{"start":{"line":268,"column":6},"end":{"line":268,"column":38}},{"start":{"line":268,"column":6},"end":{"line":268,"column":38}}],"line":268},"8":{"loc":{"start":{"line":274,"column":6},"end":{"line":274,"column":38}},"type":"if","locations":[{"start":{"line":274,"column":6},"end":{"line":274,"column":38}},{"start":{"line":274,"column":6},"end":{"line":274,"column":38}}],"line":274},"9":{"loc":{"start":{"line":280,"column":6},"end":{"line":280,"column":38}},"type":"if","locations":[{"start":{"line":280,"column":6},"end":{"line":280,"column":38}},{"start":{"line":280,"column":6},"end":{"line":280,"column":38}}],"line":280},"10":{"loc":{"start":{"line":286,"column":6},"end":{"line":286,"column":38}},"type":"if","locations":[{"start":{"line":286,"column":6},"end":{"line":286,"column":38}},{"start":{"line":286,"column":6},"end":{"line":286,"column":38}}],"line":286},"11":{"loc":{"start":{"line":293,"column":6},"end":{"line":297,"column":7}},"type":"if","locations":[{"start":{"line":293,"column":6},"end":{"line":297,"column":7}},{"start":{"line":293,"column":6},"end":{"line":297,"column":7}}],"line":293},"12":{"loc":{"start":{"line":293,"column":9},"end":{"line":293,"column":131}},"type":"binary-expr","locations":[{"start":{"line":293,"column":9},"end":{"line":293,"column":18}},{"start":{"line":293,"column":22},"end":{"line":293,"column":39}},{"start":{"line":293,"column":43},"end":{"line":293,"column":55}},{"start":{"line":293,"column":59},"end":{"line":293,"column":116}},{"start":{"line":293,"column":120},"end":{"line":293,"column":131}}],"line":293}},"s":{"0":14,"1":21,"2":21,"3":21,"4":40,"5":40,"6":40,"7":40,"8":440,"9":440,"10":400,"11":40,"12":21,"13":40,"14":40,"15":40,"16":40,"17":40,"18":40,"19":400,"20":400,"21":40,"22":21,"23":21,"24":40,"25":40,"26":400,"27":21,"28":21,"29":21,"30":20,"31":21,"32":21,"33":21,"34":40,"35":40,"36":40,"37":120,"38":80,"39":40,"40":40,"41":21,"42":20,"43":24,"44":24,"45":18,"46":0,"47":24,"48":18,"49":18,"50":24,"51":0,"52":0,"53":4,"54":4,"55":1,"56":1,"57":0,"58":0,"59":1,"60":0,"61":1,"62":1,"63":0,"64":0,"65":0,"66":0,"67":0,"68":0,"69":0,"70":0,"71":1,"72":1,"73":1,"74":1,"75":0},"f":{"0":40,"1":40,"2":40,"3":40,"4":400,"5":40,"6":40},"b":{"0":[400,40],"1":[20,1],"2":[80,40],"3":[18,6],"4":[0,18],"5":[18,6],"6":[18,0],"7":[1,0],"8":[0,1],"9":[0,0],"10":[0,0],"11":[1,0],"12":[1,1,0,0,0]},"_coverageSchema":"332fd63041d2c1bcb487cc26dd0d5f7d97098a6c","hash":"5d52855dcf5625937160b117d81811b83811e2f0"}
,"E:\\jackieli\\node-code-write-练习\\npm模块\\longyuan-gm-table-pagination\\vue-table-pagination\\__test__\\Table.spec.js": {"path":"E:\\jackieli\\node-code-write-练习\\npm模块\\longyuan-gm-table-pagination\\vue-table-pagination\\__test__\\Table.spec.js","statementMap":{"0":{"start":{"line":7,"column":19},"end":{"line":114,"column":1}},"1":{"start":{"line":115,"column":21},"end":{"line":126,"column":1}},"2":{"start":{"line":128,"column":19},"end":{"line":128,"column":20}},"3":{"start":{"line":129,"column":16},"end":{"line":129,"column":18}},"4":{"start":{"line":130,"column":18},"end":{"line":130,"column":21}},"5":{"start":{"line":131,"column":19},"end":{"line":131,"column":23}},"6":{"start":{"line":132,"column":22},"end":{"line":132,"column":24}},"7":{"start":{"line":133,"column":16},"end":{"line":133,"column":20}},"8":{"start":{"line":134,"column":26},"end":{"line":134,"column":27}},"9":{"start":{"line":135,"column":37},"end":{"line":135,"column":38}},"10":{"start":{"line":136,"column":15},"end":{"line":136,"column":19}},"11":{"start":{"line":137,"column":18},"end":{"line":137,"column":22}},"12":{"start":{"line":138,"column":28},"end":{"line":138,"column":30}},"13":{"start":{"line":139,"column":0},"end":{"line":475,"column":2}},"14":{"start":{"line":140,"column":2},"end":{"line":158,"column":4}},"15":{"start":{"line":141,"column":20},"end":{"line":156,"column":6}},"16":{"start":{"line":157,"column":4},"end":{"line":157,"column":75}},"17":{"start":{"line":160,"column":2},"end":{"line":183,"column":4}},"18":{"start":{"line":161,"column":21},"end":{"line":161,"column":37}},"19":{"start":{"line":162,"column":20},"end":{"line":177,"column":6}},"20":{"start":{"line":178,"column":4},"end":{"line":181,"column":6}},"21":{"start":{"line":179,"column":6},"end":{"line":179,"column":35}},"22":{"start":{"line":179,"column":15},"end":{"line":179,"column":35}},"23":{"start":{"line":180,"column":6},"end":{"line":180,"column":35}},"24":{"start":{"line":185,"column":2},"end":{"line":203,"column":4}},"25":{"start":{"line":186,"column":20},"end":{"line":201,"column":6}},"26":{"start":{"line":202,"column":4},"end":{"line":202,"column":94}},"27":{"start":{"line":205,"column":2},"end":{"line":223,"column":4}},"28":{"start":{"line":206,"column":20},"end":{"line":221,"column":6}},"29":{"start":{"line":222,"column":4},"end":{"line":222,"column":107}},"30":{"start":{"line":225,"column":2},"end":{"line":249,"column":4}},"31":{"start":{"line":226,"column":23},"end":{"line":226,"column":25}},"32":{"start":{"line":227,"column":22},"end":{"line":227,"column":23}},"33":{"start":{"line":228,"column":20},"end":{"line":243,"column":6}},"34":{"start":{"line":245,"column":22},"end":{"line":245,"column":60}},"35":{"start":{"line":246,"column":26},"end":{"line":246,"column":59}},"36":{"start":{"line":247,"column":4},"end":{"line":247,"column":43}},"37":{"start":{"line":248,"column":4},"end":{"line":248,"column":41}},"38":{"start":{"line":251,"column":2},"end":{"line":271,"column":4}},"39":{"start":{"line":252,"column":22},"end":{"line":252,"column":27}},"40":{"start":{"line":253,"column":20},"end":{"line":268,"column":6}},"41":{"start":{"line":269,"column":23},"end":{"line":269,"column":70}},"42":{"start":{"line":270,"column":4},"end":{"line":270,"column":38}},"43":{"start":{"line":273,"column":2},"end":{"line":295,"column":4}},"44":{"start":{"line":274,"column":20},"end":{"line":274,"column":25}},"45":{"start":{"line":275,"column":20},"end":{"line":290,"column":6}},"46":{"start":{"line":291,"column":29},"end":{"line":291,"column":68}},"47":{"start":{"line":292,"column":27},"end":{"line":292,"column":67}},"48":{"start":{"line":293,"column":4},"end":{"line":293,"column":44}},"49":{"start":{"line":294,"column":4},"end":{"line":294,"column":42}},"50":{"start":{"line":297,"column":2},"end":{"line":316,"column":4}},"51":{"start":{"line":298,"column":20},"end":{"line":298,"column":25}},"52":{"start":{"line":299,"column":20},"end":{"line":314,"column":6}},"53":{"start":{"line":315,"column":4},"end":{"line":315,"column":69}},"54":{"start":{"line":318,"column":2},"end":{"line":337,"column":4}},"55":{"start":{"line":319,"column":23},"end":{"line":319,"column":24}},"56":{"start":{"line":320,"column":20},"end":{"line":335,"column":6}},"57":{"start":{"line":336,"column":4},"end":{"line":336,"column":73}},"58":{"start":{"line":339,"column":2},"end":{"line":369,"column":4}},"59":{"start":{"line":340,"column":20},"end":{"line":355,"column":6}},"60":{"start":{"line":356,"column":4},"end":{"line":356,"column":49}},"61":{"start":{"line":357,"column":21},"end":{"line":357,"column":82}},"62":{"start":{"line":358,"column":21},"end":{"line":358,"column":82}},"63":{"start":{"line":359,"column":21},"end":{"line":359,"column":82}},"64":{"start":{"line":360,"column":21},"end":{"line":360,"column":82}},"65":{"start":{"line":361,"column":4},"end":{"line":361,"column":29}},"66":{"start":{"line":362,"column":4},"end":{"line":362,"column":49}},"67":{"start":{"line":363,"column":4},"end":{"line":363,"column":29}},"68":{"start":{"line":364,"column":4},"end":{"line":364,"column":49}},"69":{"start":{"line":365,"column":4},"end":{"line":365,"column":29}},"70":{"start":{"line":366,"column":4},"end":{"line":366,"column":49}},"71":{"start":{"line":367,"column":4},"end":{"line":367,"column":29}},"72":{"start":{"line":368,"column":4},"end":{"line":368,"column":49}},"73":{"start":{"line":371,"column":2},"end":{"line":408,"column":4}},"74":{"start":{"line":372,"column":24},"end":{"line":372,"column":25}},"75":{"start":{"line":373,"column":20},"end":{"line":388,"column":6}},"76":{"start":{"line":389,"column":26},"end":{"line":389,"column":47}},"77":{"start":{"line":390,"column":4},"end":{"line":390,"column":46}},"78":{"start":{"line":391,"column":4},"end":{"line":391,"column":49}},"79":{"start":{"line":392,"column":4},"end":{"line":392,"column":50}},"80":{"start":{"line":393,"column":4},"end":{"line":393,"column":40}},"81":{"start":{"line":395,"column":4},"end":{"line":395,"column":51}},"82":{"start":{"line":396,"column":4},"end":{"line":396,"column":40}},"83":{"start":{"line":397,"column":4},"end":{"line":397,"column":51}},"84":{"start":{"line":398,"column":24},"end":{"line":398,"column":70}},"85":{"start":{"line":399,"column":4},"end":{"line":399,"column":32}},"86":{"start":{"line":406,"column":3},"end":{"line":406,"column":73}},"87":{"start":{"line":410,"column":2},"end":{"line":431,"column":4}},"88":{"start":{"line":411,"column":20},"end":{"line":426,"column":6}},"89":{"start":{"line":427,"column":25},"end":{"line":427,"column":59}},"90":{"start":{"line":428,"column":4},"end":{"line":428,"column":74}},"91":{"start":{"line":429,"column":4},"end":{"line":429,"column":33}},"92":{"start":{"line":430,"column":4},"end":{"line":430,"column":74}},"93":{"start":{"line":433,"column":2},"end":{"line":453,"column":4}},"94":{"start":{"line":434,"column":20},"end":{"line":449,"column":6}},"95":{"start":{"line":450,"column":25},"end":{"line":450,"column":59}},"96":{"start":{"line":451,"column":4},"end":{"line":451,"column":33}},"97":{"start":{"line":452,"column":4},"end":{"line":452,"column":74}},"98":{"start":{"line":455,"column":2},"end":{"line":473,"column":4}},"99":{"start":{"line":456,"column":20},"end":{"line":471,"column":6}},"100":{"start":{"line":472,"column":4},"end":{"line":472,"column":74}}},"fnMap":{"0":{"name":"(anonymous_0)","decl":{"start":{"line":139,"column":22},"end":{"line":139,"column":23}},"loc":{"start":{"line":139,"column":28},"end":{"line":475,"column":1}},"line":139},"1":{"name":"(anonymous_1)","decl":{"start":{"line":140,"column":60},"end":{"line":140,"column":61}},"loc":{"start":{"line":140,"column":66},"end":{"line":158,"column":3}},"line":140},"2":{"name":"(anonymous_2)","decl":{"start":{"line":160,"column":31},"end":{"line":160,"column":32}},"loc":{"start":{"line":160,"column":37},"end":{"line":183,"column":3}},"line":160},"3":{"name":"(anonymous_3)","decl":{"start":{"line":178,"column":40},"end":{"line":178,"column":41}},"loc":{"start":{"line":178,"column":54},"end":{"line":181,"column":5}},"line":178},"4":{"name":"(anonymous_4)","decl":{"start":{"line":185,"column":49},"end":{"line":185,"column":50}},"loc":{"start":{"line":185,"column":55},"end":{"line":203,"column":3}},"line":185},"5":{"name":"(anonymous_5)","decl":{"start":{"line":205,"column":61},"end":{"line":205,"column":62}},"loc":{"start":{"line":205,"column":67},"end":{"line":223,"column":3}},"line":205},"6":{"name":"(anonymous_6)","decl":{"start":{"line":225,"column":41},"end":{"line":225,"column":42}},"loc":{"start":{"line":225,"column":47},"end":{"line":249,"column":3}},"line":225},"7":{"name":"(anonymous_7)","decl":{"start":{"line":251,"column":45},"end":{"line":251,"column":46}},"loc":{"start":{"line":251,"column":51},"end":{"line":271,"column":3}},"line":251},"8":{"name":"(anonymous_8)","decl":{"start":{"line":273,"column":37},"end":{"line":273,"column":38}},"loc":{"start":{"line":273,"column":43},"end":{"line":295,"column":3}},"line":273},"9":{"name":"(anonymous_9)","decl":{"start":{"line":297,"column":38},"end":{"line":297,"column":39}},"loc":{"start":{"line":297,"column":44},"end":{"line":316,"column":3}},"line":297},"10":{"name":"(anonymous_10)","decl":{"start":{"line":318,"column":40},"end":{"line":318,"column":41}},"loc":{"start":{"line":318,"column":46},"end":{"line":337,"column":3}},"line":318},"11":{"name":"(anonymous_11)","decl":{"start":{"line":339,"column":51},"end":{"line":339,"column":52}},"loc":{"start":{"line":339,"column":57},"end":{"line":369,"column":3}},"line":339},"12":{"name":"(anonymous_12)","decl":{"start":{"line":371,"column":38},"end":{"line":371,"column":39}},"loc":{"start":{"line":371,"column":44},"end":{"line":408,"column":3}},"line":371},"13":{"name":"(anonymous_13)","decl":{"start":{"line":410,"column":28},"end":{"line":410,"column":29}},"loc":{"start":{"line":410,"column":34},"end":{"line":431,"column":3}},"line":410},"14":{"name":"(anonymous_14)","decl":{"start":{"line":433,"column":27},"end":{"line":433,"column":28}},"loc":{"start":{"line":433,"column":33},"end":{"line":453,"column":3}},"line":433},"15":{"name":"(anonymous_15)","decl":{"start":{"line":455,"column":29},"end":{"line":455,"column":30}},"loc":{"start":{"line":455,"column":35},"end":{"line":473,"column":3}},"line":455}},"branchMap":{"0":{"loc":{"start":{"line":179,"column":6},"end":{"line":179,"column":35}},"type":"if","locations":[{"start":{"line":179,"column":6},"end":{"line":179,"column":35}},{"start":{"line":179,"column":6},"end":{"line":179,"column":35}}],"line":179}},"s":{"0":1,"1":1,"2":1,"3":1,"4":1,"5":1,"6":1,"7":1,"8":1,"9":1,"10":1,"11":1,"12":1,"13":1,"14":1,"15":1,"16":1,"17":1,"18":1,"19":1,"20":1,"21":1,"22":0,"23":1,"24":1,"25":1,"26":1,"27":1,"28":1,"29":1,"30":1,"31":1,"32":1,"33":1,"34":1,"35":1,"36":1,"37":1,"38":1,"39":1,"40":1,"41":1,"42":1,"43":1,"44":1,"45":1,"46":1,"47":1,"48":1,"49":1,"50":1,"51":1,"52":1,"53":1,"54":1,"55":1,"56":1,"57":1,"58":1,"59":1,"60":1,"61":1,"62":1,"63":1,"64":1,"65":1,"66":1,"67":1,"68":1,"69":1,"70":1,"71":1,"72":1,"73":1,"74":1,"75":1,"76":1,"77":1,"78":1,"79":1,"80":1,"81":1,"82":1,"83":1,"84":1,"85":1,"86":1,"87":1,"88":1,"89":1,"90":1,"91":1,"92":1,"93":1,"94":1,"95":1,"96":1,"97":1,"98":1,"99":1,"100":1},"f":{"0":1,"1":1,"2":1,"3":1,"4":1,"5":1,"6":1,"7":1,"8":1,"9":1,"10":1,"11":1,"12":1,"13":1,"14":1,"15":1},"b":{"0":[0,1]},"_coverageSchema":"332fd63041d2c1bcb487cc26dd0d5f7d97098a6c","hash":"eab03e0a8b81ce36e52f711e343db7a96382bf69"}
,"E:\\jackieli\\node-code-write-练习\\npm模块\\longyuan-gm-table-pagination\\vue-table-pagination\\src\\components\\tool.js": {"path":"E:\\jackieli\\node-code-write-练习\\npm模块\\longyuan-gm-table-pagination\\vue-table-pagination\\src\\components\\tool.js","statementMap":{"0":{"start":{"line":58,"column":0},"end":{"line":null,"column":-1}},"1":{"start":{"line":59,"column":0},"end":{"line":null,"column":-1}},"2":{"start":{"line":61,"column":0},"end":{"line":63,"column":0}},"3":{"start":{"line":62,"column":0},"end":{"line":null,"column":-1}},"4":{"start":{"line":66,"column":0},"end":{"line":68,"column":0}},"5":{"start":{"line":67,"column":0},"end":{"line":null,"column":-1}},"6":{"start":{"line":69,"column":0},"end":{"line":null,"column":-1}},"7":{"start":{"line":71,"column":0},"end":{"line":73,"column":0}},"8":{"start":{"line":72,"column":0},"end":{"line":null,"column":-1}},"9":{"start":{"line":75,"column":0},"end":{"line":131,"column":9}},"10":{"start":{"line":76,"column":9},"end":{"line":76,"column":22}},"11":{"start":{"line":139,"column":9},"end":{"line":139,"column":-1}},"12":{"start":{"line":147,"column":1},"end":{"line":null,"column":-1}},"13":{"start":{"line":148,"column":1},"end":{"line":null,"column":-1}},"14":{"start":{"line":150,"column":1},"end":{"line":null,"column":-1}},"15":{"start":{"line":151,"column":1},"end":{"line":null,"column":-1}},"16":{"start":{"line":155,"column":9},"end":{"line":155,"column":27}},"17":{"start":{"line":162,"column":0},"end":{"line":null,"column":-1}},"18":{"start":{"line":164,"column":0},"end":{"line":null,"column":-1}},"19":{"start":{"line":165,"column":0},"end":{"line":null,"column":-1}},"20":{"start":{"line":200,"column":10},"end":{"line":199,"column":10}},"21":{"start":{"line":201,"column":10},"end":{"line":null,"column":-1}},"22":{"start":{"line":203,"column":10},"end":{"line":202,"column":10}},"23":{"start":{"line":204,"column":10},"end":{"line":null,"column":-1}},"24":{"start":{"line":206,"column":10},"end":{"line":206,"column":18}},"25":{"start":{"line":207,"column":10},"end":{"line":166,"column":58}},"26":{"start":{"line":210,"column":4},"end":{"line":null,"column":-1}}},"fnMap":{},"branchMap":{"0":{"loc":{"start":{"line":57,"column":0},"end":{"line":59,"column":0}},"type":"switch","locations":[{"start":{"line":57,"column":0},"end":{"line":59,"column":0}},{"start":{"line":60,"column":0},"end":{"line":69,"column":0}},{"start":{"line":70,"column":0},"end":{"line":139,"column":9}},{"start":{"line":146,"column":1},"end":{"line":148,"column":1}},{"start":{"line":149,"column":1},"end":{"line":151,"column":1}},{"start":{"line":154,"column":0},"end":{"line":162,"column":0}},{"start":{"line":163,"column":0},"end":{"line":165,"column":0}},{"start":{"line":166,"column":18},"end":{"line":201,"column":10}},{"start":{"line":202,"column":15},"end":{"line":204,"column":10}},{"start":{"line":205,"column":15},"end":{"line":166,"column":58}}]},"1":{"loc":{"start":{"line":61,"column":0},"end":{"line":63,"column":0}},"type":"if","locations":[{"start":{"line":61,"column":0},"end":{"line":63,"column":0}},{"start":{"line":61,"column":0},"end":{"line":63,"column":0}}]},"2":{"loc":{"start":{"line":66,"column":0},"end":{"line":68,"column":0}},"type":"if","locations":[{"start":{"line":66,"column":0},"end":{"line":68,"column":0}},{"start":{"line":66,"column":0},"end":{"line":68,"column":0}}]},"3":{"loc":{"start":{"line":71,"column":0},"end":{"line":73,"column":0}},"type":"if","locations":[{"start":{"line":71,"column":0},"end":{"line":73,"column":0}},{"start":{"line":71,"column":0},"end":{"line":73,"column":0}}]},"4":{"loc":{"start":{"line":75,"column":0},"end":{"line":131,"column":9}},"type":"if","locations":[{"start":{"line":75,"column":0},"end":{"line":131,"column":9}},{"start":{"line":75,"column":0},"end":{"line":131,"column":9}}]}},"s":{"0":40,"1":40,"2":40,"3":40,"4":40,"5":40,"6":40,"7":40,"8":40,"9":40,"10":0,"11":0,"12":440,"13":40,"14":40,"15":40,"16":40,"17":40,"18":40,"19":40,"20":40,"21":40,"22":40,"23":40,"24":0,"25":0,"26":400},"f":{},"b":{"0":[0,0,0,80,80,80,80,80,80,0],"1":[0,0],"2":[0,0],"3":[0,0],"4":[0,0]}}
}
