{"E:\\jackieli\\Unit testing in JavaScript\\n-vue-components-test-by-jest\\src\\components\\tool.js": {"path":"E:\\jackieli\\Unit testing in JavaScript\\n-vue-components-test-by-jest\\src\\components\\tool.js","statementMap":{"0":{"start":{"line":58,"column":0},"end":{"line":null,"column":-1}},"1":{"start":{"line":59,"column":0},"end":{"line":null,"column":-1}},"2":{"start":{"line":61,"column":0},"end":{"line":63,"column":0}},"3":{"start":{"line":62,"column":0},"end":{"line":null,"column":-1}},"4":{"start":{"line":66,"column":0},"end":{"line":68,"column":0}},"5":{"start":{"line":67,"column":0},"end":{"line":null,"column":-1}},"6":{"start":{"line":69,"column":0},"end":{"line":null,"column":-1}},"7":{"start":{"line":71,"column":0},"end":{"line":73,"column":0}},"8":{"start":{"line":72,"column":0},"end":{"line":null,"column":-1}},"9":{"start":{"line":75,"column":0},"end":{"line":131,"column":9}},"10":{"start":{"line":76,"column":9},"end":{"line":76,"column":22}},"11":{"start":{"line":139,"column":9},"end":{"line":139,"column":-1}},"12":{"start":{"line":147,"column":1},"end":{"line":null,"column":-1}},"13":{"start":{"line":148,"column":1},"end":{"line":null,"column":-1}},"14":{"start":{"line":150,"column":1},"end":{"line":null,"column":-1}},"15":{"start":{"line":151,"column":1},"end":{"line":null,"column":-1}},"16":{"start":{"line":155,"column":9},"end":{"line":155,"column":27}},"17":{"start":{"line":162,"column":0},"end":{"line":null,"column":-1}},"18":{"start":{"line":164,"column":0},"end":{"line":null,"column":-1}},"19":{"start":{"line":165,"column":0},"end":{"line":null,"column":-1}},"20":{"start":{"line":200,"column":10},"end":{"line":199,"column":10}},"21":{"start":{"line":201,"column":10},"end":{"line":null,"column":-1}},"22":{"start":{"line":203,"column":10},"end":{"line":202,"column":10}},"23":{"start":{"line":204,"column":10},"end":{"line":null,"column":-1}},"24":{"start":{"line":206,"column":10},"end":{"line":205,"column":10}},"25":{"start":{"line":207,"column":10},"end":{"line":166,"column":58}},"26":{"start":{"line":210,"column":4},"end":{"line":null,"column":-1}}},"fnMap":{},"branchMap":{"0":{"loc":{"start":{"line":57,"column":0},"end":{"line":59,"column":0}},"type":"switch","locations":[{"start":{"line":57,"column":0},"end":{"line":59,"column":0}},{"start":{"line":60,"column":0},"end":{"line":69,"column":0}},{"start":{"line":70,"column":0},"end":{"line":139,"column":9}},{"start":{"line":146,"column":1},"end":{"line":148,"column":1}},{"start":{"line":149,"column":1},"end":{"line":151,"column":1}},{"start":{"line":154,"column":0},"end":{"line":162,"column":0}},{"start":{"line":163,"column":0},"end":{"line":165,"column":0}},{"start":{"line":166,"column":18},"end":{"line":201,"column":10}},{"start":{"line":202,"column":15},"end":{"line":204,"column":10}},{"start":{"line":205,"column":15},"end":{"line":166,"column":58}}]},"1":{"loc":{"start":{"line":61,"column":0},"end":{"line":63,"column":0}},"type":"if","locations":[{"start":{"line":61,"column":0},"end":{"line":63,"column":0}},{"start":{"line":61,"column":0},"end":{"line":63,"column":0}}]},"2":{"loc":{"start":{"line":66,"column":0},"end":{"line":68,"column":0}},"type":"if","locations":[{"start":{"line":66,"column":0},"end":{"line":68,"column":0}},{"start":{"line":66,"column":0},"end":{"line":68,"column":0}}]},"3":{"loc":{"start":{"line":71,"column":0},"end":{"line":73,"column":0}},"type":"if","locations":[{"start":{"line":71,"column":0},"end":{"line":73,"column":0}},{"start":{"line":71,"column":0},"end":{"line":73,"column":0}}]},"4":{"loc":{"start":{"line":75,"column":0},"end":{"line":131,"column":9}},"type":"if","locations":[{"start":{"line":75,"column":0},"end":{"line":131,"column":9}},{"start":{"line":75,"column":0},"end":{"line":131,"column":9}}]}},"s":{"0":0,"1":0,"2":0,"3":0,"4":0,"5":0,"6":0,"7":0,"8":0,"9":0,"10":0,"11":0,"12":6,"13":6,"14":6,"15":6,"16":6,"17":6,"18":6,"19":6,"20":6,"21":6,"22":6,"23":6,"24":0,"25":0,"26":60},"f":{},"b":{"0":[0,0,0,6,6,6,6,6,6,0],"1":[0,0],"2":[0,0],"3":[0,0],"4":[0,0]}}
}
