TN:
SF:E:\jackieli\my-github\vue-table-pagination\src\components\tool.js
FNF:0
FNH:0
DA:58,0
DA:59,0
DA:61,0
DA:62,0
DA:66,0
DA:67,0
DA:69,0
DA:71,0
DA:72,0
DA:75,0
DA:76,0
DA:139,0
DA:147,40
DA:148,40
DA:150,40
DA:151,40
DA:155,40
DA:162,40
DA:164,40
DA:165,40
DA:200,40
DA:201,40
DA:203,40
DA:204,40
DA:206,0
DA:207,0
DA:210,400
LF:27
LH:13
BRDA:57,0,0,0
BRDA:57,0,1,0
BRDA:57,0,2,0
BRDA:57,0,3,40
BRDA:57,0,4,40
BRDA:57,0,5,40
BRDA:57,0,6,40
BRDA:57,0,7,40
BRDA:57,0,8,40
BRDA:57,0,9,0
BRDA:61,1,0,0
BRDA:61,1,1,0
BRDA:66,2,0,0
BRDA:66,2,1,0
BRDA:71,3,0,0
BRDA:71,3,1,0
BRDA:75,4,0,0
BRDA:75,4,1,0
BRF:18
BRH:6
end_of_record
