TN:
SF:E:\jackieli\Unit testing in JavaScript\n-vue-components-test-by-jest\src\components\tool.js
FNF:0
FNH:0
DA:58,0
DA:59,0
DA:61,0
DA:62,0
DA:66,0
DA:67,0
DA:69,0
DA:71,0
DA:72,0
DA:75,0
DA:76,0
DA:139,0
DA:147,6
DA:148,6
DA:150,6
DA:151,6
DA:155,6
DA:162,6
DA:164,6
DA:165,6
DA:200,6
DA:201,6
DA:203,6
DA:204,6
DA:206,0
DA:207,0
DA:210,60
LF:27
LH:13
BRDA:57,0,0,0
BRDA:57,0,1,0
BRDA:57,0,2,0
BRDA:57,0,3,6
BRDA:57,0,4,6
BRDA:57,0,5,6
BRDA:57,0,6,6
BRDA:57,0,7,6
BRDA:57,0,8,6
BRDA:57,0,9,0
BRDA:61,1,0,0
BRDA:61,1,1,0
BRDA:66,2,0,0
BRDA:66,2,1,0
BRDA:71,3,0,0
BRDA:71,3,1,0
BRDA:75,4,0,0
BRDA:75,4,1,0
BRF:18
BRH:6
end_of_record
